{"/Users/jgrochulski/Development/sandbox/OOP/LinkedList.js": {"path":"/Users/jgrochulski/Development/sandbox/OOP/LinkedList.js","statementMap":{"0":{"start":{"line":3,"column":4},"end":{"line":3,"column":13}},"1":{"start":{"line":4,"column":4},"end":{"line":4,"column":19}},"2":{"start":{"line":8,"column":20},"end":{"line":8,"column":55}},"3":{"start":{"line":9,"column":4},"end":{"line":9,"column":23}},"4":{"start":{"line":10,"column":4},"end":{"line":10,"column":17}},"5":{"start":{"line":14,"column":4},"end":{"line":14,"column":54}},"6":{"start":{"line":14,"column":43},"end":{"line":14,"column":54}},"7":{"start":{"line":16,"column":18},"end":{"line":16,"column":27}},"8":{"start":{"line":17,"column":4},"end":{"line":19,"column":5}},"9":{"start":{"line":17,"column":17},"end":{"line":17,"column":18}},"10":{"start":{"line":18,"column":6},"end":{"line":18,"column":28}},"11":{"start":{"line":20,"column":4},"end":{"line":20,"column":18}},"12":{"start":{"line":24,"column":4},"end":{"line":24,"column":51}},"13":{"start":{"line":24,"column":20},"end":{"line":24,"column":51}},"14":{"start":{"line":26,"column":17},"end":{"line":26,"column":43}},"15":{"start":{"line":27,"column":4},"end":{"line":27,"column":33}},"16":{"start":{"line":27,"column":22},"end":{"line":27,"column":33}},"17":{"start":{"line":29,"column":4},"end":{"line":29,"column":52}},"18":{"start":{"line":30,"column":4},"end":{"line":30,"column":17}},"19":{"start":{"line":34,"column":4},"end":{"line":34,"column":30}},"20":{"start":{"line":35,"column":4},"end":{"line":35,"column":17}},"21":{"start":{"line":39,"column":4},"end":{"line":39,"column":44}},"22":{"start":{"line":39,"column":20},"end":{"line":39,"column":44}},"23":{"start":{"line":41,"column":17},"end":{"line":41,"column":43}},"24":{"start":{"line":42,"column":4},"end":{"line":42,"column":33}},"25":{"start":{"line":42,"column":22},"end":{"line":42,"column":33}},"26":{"start":{"line":44,"column":4},"end":{"line":44,"column":30}},"27":{"start":{"line":45,"column":4},"end":{"line":45,"column":17}},"28":{"start":{"line":49,"column":17},"end":{"line":49,"column":19}},"29":{"start":{"line":50,"column":18},"end":{"line":50,"column":27}},"30":{"start":{"line":51,"column":4},"end":{"line":54,"column":5}},"31":{"start":{"line":52,"column":6},"end":{"line":52,"column":46}},"32":{"start":{"line":53,"column":6},"end":{"line":53,"column":28}},"33":{"start":{"line":55,"column":4},"end":{"line":55,"column":28}},"34":{"start":{"line":56,"column":4},"end":{"line":56,"column":23}},"35":{"start":{"line":57,"column":4},"end":{"line":57,"column":17}},"36":{"start":{"line":63,"column":4},"end":{"line":63,"column":22}},"37":{"start":{"line":64,"column":4},"end":{"line":64,"column":20}},"38":{"start":{"line":68,"column":0},"end":{"line":74,"column":1}},"39":{"start":{"line":69,"column":13},"end":{"line":69,"column":27}},"40":{"start":{"line":70,"column":2},"end":{"line":72,"column":3}},"41":{"start":{"line":70,"column":15},"end":{"line":70,"column":32}},"42":{"start":{"line":71,"column":4},"end":{"line":71,"column":30}},"43":{"start":{"line":73,"column":2},"end":{"line":73,"column":11}},"44":{"start":{"line":79,"column":0},"end":{"line":79,"column":27}}},"fnMap":{"0":{"name":"(anonymous_0)","decl":{"start":{"line":2,"column":2},"end":{"line":2,"column":3}},"loc":{"start":{"line":2,"column":16},"end":{"line":5,"column":3}},"line":2},"1":{"name":"(anonymous_1)","decl":{"start":{"line":7,"column":2},"end":{"line":7,"column":3}},"loc":{"start":{"line":7,"column":21},"end":{"line":11,"column":3}},"line":7},"2":{"name":"(anonymous_2)","decl":{"start":{"line":13,"column":2},"end":{"line":13,"column":3}},"loc":{"start":{"line":13,"column":20},"end":{"line":21,"column":3}},"line":13},"3":{"name":"(anonymous_3)","decl":{"start":{"line":23,"column":2},"end":{"line":23,"column":3}},"loc":{"start":{"line":23,"column":30},"end":{"line":31,"column":3}},"line":23},"4":{"name":"(anonymous_4)","decl":{"start":{"line":33,"column":2},"end":{"line":33,"column":3}},"loc":{"start":{"line":33,"column":15},"end":{"line":36,"column":3}},"line":33},"5":{"name":"(anonymous_5)","decl":{"start":{"line":38,"column":2},"end":{"line":38,"column":3}},"loc":{"start":{"line":38,"column":23},"end":{"line":46,"column":3}},"line":38},"6":{"name":"(anonymous_6)","decl":{"start":{"line":48,"column":2},"end":{"line":48,"column":3}},"loc":{"start":{"line":48,"column":10},"end":{"line":58,"column":3}},"line":48},"7":{"name":"(anonymous_7)","decl":{"start":{"line":62,"column":2},"end":{"line":62,"column":3}},"loc":{"start":{"line":62,"column":27},"end":{"line":65,"column":3}},"line":62},"8":{"name":"(anonymous_8)","decl":{"start":{"line":68,"column":24},"end":{"line":68,"column":25}},"loc":{"start":{"line":68,"column":44},"end":{"line":74,"column":1}},"line":68}},"branchMap":{"0":{"loc":{"start":{"line":14,"column":4},"end":{"line":14,"column":54}},"type":"if","locations":[{"start":{"line":14,"column":4},"end":{"line":14,"column":54}},{"start":{},"end":{}}],"line":14},"1":{"loc":{"start":{"line":14,"column":8},"end":{"line":14,"column":41}},"type":"binary-expr","locations":[{"start":{"line":14,"column":8},"end":{"line":14,"column":17}},{"start":{"line":14,"column":21},"end":{"line":14,"column":41}}],"line":14},"2":{"loc":{"start":{"line":24,"column":4},"end":{"line":24,"column":51}},"type":"if","locations":[{"start":{"line":24,"column":4},"end":{"line":24,"column":51}},{"start":{},"end":{}}],"line":24},"3":{"loc":{"start":{"line":27,"column":4},"end":{"line":27,"column":33}},"type":"if","locations":[{"start":{"line":27,"column":4},"end":{"line":27,"column":33}},{"start":{},"end":{}}],"line":27},"4":{"loc":{"start":{"line":39,"column":4},"end":{"line":39,"column":44}},"type":"if","locations":[{"start":{"line":39,"column":4},"end":{"line":39,"column":44}},{"start":{},"end":{}}],"line":39},"5":{"loc":{"start":{"line":42,"column":4},"end":{"line":42,"column":33}},"type":"if","locations":[{"start":{"line":42,"column":4},"end":{"line":42,"column":33}},{"start":{},"end":{}}],"line":42}},"s":{"0":15,"1":15,"2":42,"3":42,"4":42,"5":12,"6":6,"7":6,"8":6,"9":6,"10":6,"11":6,"12":4,"13":1,"14":3,"15":3,"16":2,"17":1,"18":1,"19":2,"20":2,"21":4,"22":1,"23":3,"24":3,"25":2,"26":1,"27":1,"28":1,"29":1,"30":1,"31":5,"32":5,"33":1,"34":1,"35":1,"36":43,"37":43,"38":1,"39":14,"40":14,"41":14,"42":39,"43":14,"44":1},"f":{"0":15,"1":42,"2":12,"3":4,"4":2,"5":4,"6":1,"7":43,"8":14},"b":{"0":[6,6],"1":[12,9],"2":[1,3],"3":[2,1],"4":[1,3],"5":[2,1]},"_coverageSchema":"1a1c01bbd47fc00a2c39e90264f33305004495a9","hash":"92b1d63eeb00428d0a6b2a2c6cbbe08cc6931792"}
}
