TN:
SF:LinkedList.js
FN:2,(anonymous_0)
FN:7,(anonymous_1)
FN:13,(anonymous_2)
FN:23,(anonymous_3)
FN:33,(anonymous_4)
FN:38,(anonymous_5)
FN:48,(anonymous_6)
FN:62,(anonymous_7)
FN:68,(anonymous_8)
FNF:9
FNH:9
FNDA:15,(anonymous_0)
FNDA:42,(anonymous_1)
FNDA:12,(anonymous_2)
FNDA:4,(anonymous_3)
FNDA:2,(anonymous_4)
FNDA:4,(anonymous_5)
FNDA:1,(anonymous_6)
FNDA:43,(anonymous_7)
FNDA:14,(anonymous_8)
DA:3,15
DA:4,15
DA:8,42
DA:9,42
DA:10,42
DA:14,12
DA:16,6
DA:17,6
DA:18,6
DA:20,6
DA:24,4
DA:26,3
DA:27,3
DA:29,1
DA:30,1
DA:34,2
DA:35,2
DA:39,4
DA:41,3
DA:42,3
DA:44,1
DA:45,1
DA:49,1
DA:50,1
DA:51,1
DA:52,5
DA:53,5
DA:55,1
DA:56,1
DA:57,1
DA:63,43
DA:64,43
DA:68,1
DA:69,14
DA:70,14
DA:71,39
DA:73,14
DA:79,1
LF:38
LH:38
BRDA:14,0,0,6
BRDA:14,0,1,6
BRDA:14,1,0,12
BRDA:14,1,1,9
BRDA:24,2,0,1
BRDA:24,2,1,3
BRDA:27,3,0,2
BRDA:27,3,1,1
BRDA:39,4,0,1
BRDA:39,4,1,3
BRDA:42,5,0,2
BRDA:42,5,1,1
BRF:12
BRH:12
end_of_record
